[0.007s] Invoking command in '/home/bejobarokah/thesis/build/ur_simulation_gz': CMAKE_PREFIX_PATH=${CMAKE_PREFIX_PATH}:/opt/ros/jazzy DEBUGINFOD_URLS=https://debuginfod.ubuntu.com PS1=(.venv) \[\e]0;\u@\h: \w\a\]${debian_chroot:+($debian_chroot)}\[\033[01;32m\]\u@\h\[\033[00m\]:\[\033[01;34m\]\w\[\033[00m\]\$ VIRTUAL_ENV_PROMPT=(.venv) /usr/bin/cmake /home/bejobarokah/thesis/src/ur_simulation_gz/ur_simulation_gz -DAMENT_CMAKE_SYMLINK_INSTALL=1 -DCMAKE_INSTALL_PREFIX=/home/bejobarokah/thesis/install/ur_simulation_gz
[0.052s] -- The C compiler identification is GNU 13.3.0
[0.096s] -- The CXX compiler identification is GNU 13.3.0
[0.111s] -- Detecting C compiler ABI info
[0.185s] -- Detecting C compiler ABI info - done
[0.192s] -- Check for working C compiler: /usr/bin/cc - skipped
[0.192s] -- Detecting C compile features
[0.193s] -- Detecting C compile features - done
[0.201s] -- Detecting CXX compiler ABI info
[0.285s] -- Detecting CXX compiler ABI info - done
[0.293s] -- Check for working CXX compiler: /usr/bin/c++ - skipped
[0.293s] -- Detecting CXX compile features
[0.294s] -- Detecting CXX compile features - done
[0.297s] -- Found ament_cmake: 2.5.4 (/opt/ros/jazzy/share/ament_cmake/cmake)
[0.386s] -- Found Python3: /home/bejobarokah/thesis/.venv/bin/python3 (found version "3.12.3") found components: Interpreter 
[0.437s] -- Override CMake install command with custom implementation using symlinks instead of copying resources
[0.484s] -- Found rclpy: 7.1.4 (/opt/ros/jazzy/share/rclpy/cmake)
[0.564s] -- Found launch_testing_ament_cmake: 3.4.4 (/opt/ros/jazzy/share/launch_testing_ament_cmake/cmake)
[0.567s] -- Found python_cmake_module: 0.11.1 (/opt/ros/jazzy/share/python_cmake_module/cmake)
[0.649s] -- Found PythonExtra: /home/bejobarokah/thesis/.venv/bin/python3  
[0.652s] -- Found ament_cmake_pytest: 2.5.4 (/opt/ros/jazzy/share/ament_cmake_pytest/cmake)
[0.811s] -- Configuring done (0.8s)
[0.814s] -- Generating done (0.0s)
[0.816s] -- Build files have been written to: /home/bejobarokah/thesis/build/ur_simulation_gz
[0.820s] Invoked command in '/home/bejobarokah/thesis/build/ur_simulation_gz' returned '0': CMAKE_PREFIX_PATH=${CMAKE_PREFIX_PATH}:/opt/ros/jazzy DEBUGINFOD_URLS=https://debuginfod.ubuntu.com PS1=(.venv) \[\e]0;\u@\h: \w\a\]${debian_chroot:+($debian_chroot)}\[\033[01;32m\]\u@\h\[\033[00m\]:\[\033[01;34m\]\w\[\033[00m\]\$ VIRTUAL_ENV_PROMPT=(.venv) /usr/bin/cmake /home/bejobarokah/thesis/src/ur_simulation_gz/ur_simulation_gz -DAMENT_CMAKE_SYMLINK_INSTALL=1 -DCMAKE_INSTALL_PREFIX=/home/bejobarokah/thesis/install/ur_simulation_gz
[0.821s] Invoking command in '/home/bejobarokah/thesis/build/ur_simulation_gz': CMAKE_PREFIX_PATH=${CMAKE_PREFIX_PATH}:/opt/ros/jazzy DEBUGINFOD_URLS=https://debuginfod.ubuntu.com PS1=(.venv) \[\e]0;\u@\h: \w\a\]${debian_chroot:+($debian_chroot)}\[\033[01;32m\]\u@\h\[\033[00m\]:\[\033[01;34m\]\w\[\033[00m\]\$ VIRTUAL_ENV_PROMPT=(.venv) /usr/bin/cmake --build /home/bejobarokah/thesis/build/ur_simulation_gz -- -j16 -l16
[0.874s] Built target ament_cmake_python_symlink_ur_simulation_gz
[1.021s] running egg_info
[1.032s] creating ur_simulation_gz.egg-info
[1.032s] writing ur_simulation_gz.egg-info/PKG-INFO
[1.032s] writing dependency_links to ur_simulation_gz.egg-info/dependency_links.txt
[1.033s] writing top-level names to ur_simulation_gz.egg-info/top_level.txt
[1.033s] writing manifest file 'ur_simulation_gz.egg-info/SOURCES.txt'
[1.066s] reading manifest file 'ur_simulation_gz.egg-info/SOURCES.txt'
[1.067s] writing manifest file 'ur_simulation_gz.egg-info/SOURCES.txt'
[1.088s] Built target ament_cmake_python_build_ur_simulation_gz_egg
[1.099s] Invoked command in '/home/bejobarokah/thesis/build/ur_simulation_gz' returned '0': CMAKE_PREFIX_PATH=${CMAKE_PREFIX_PATH}:/opt/ros/jazzy DEBUGINFOD_URLS=https://debuginfod.ubuntu.com PS1=(.venv) \[\e]0;\u@\h: \w\a\]${debian_chroot:+($debian_chroot)}\[\033[01;32m\]\u@\h\[\033[00m\]:\[\033[01;34m\]\w\[\033[00m\]\$ VIRTUAL_ENV_PROMPT=(.venv) /usr/bin/cmake --build /home/bejobarokah/thesis/build/ur_simulation_gz -- -j16 -l16
[1.107s] Invoking command in '/home/bejobarokah/thesis/build/ur_simulation_gz': CMAKE_PREFIX_PATH=${CMAKE_PREFIX_PATH}:/opt/ros/jazzy DEBUGINFOD_URLS=https://debuginfod.ubuntu.com PS1=(.venv) \[\e]0;\u@\h: \w\a\]${debian_chroot:+($debian_chroot)}\[\033[01;32m\]\u@\h\[\033[00m\]:\[\033[01;34m\]\w\[\033[00m\]\$ VIRTUAL_ENV_PROMPT=(.venv) /usr/bin/cmake --install /home/bejobarokah/thesis/build/ur_simulation_gz
[1.114s] -- Install configuration: ""
[1.114s] -- Execute custom install script
[1.115s] -- Symlinking: /home/bejobarokah/thesis/install/ur_simulation_gz/share/ur_simulation_gz/config/ur_controllers.yaml
[1.123s] -- Symlinking: /home/bejobarokah/thesis/install/ur_simulation_gz/share/ur_simulation_gz/launch/ur_sim_control.launch.py
[1.131s] -- Symlinking: /home/bejobarokah/thesis/install/ur_simulation_gz/share/ur_simulation_gz/launch/ur_sim_ddpg.launch.py
[1.139s] -- Symlinking: /home/bejobarokah/thesis/install/ur_simulation_gz/share/ur_simulation_gz/launch/ur_sim_maddpg.launch.py
[1.147s] -- Symlinking: /home/bejobarokah/thesis/install/ur_simulation_gz/share/ur_simulation_gz/launch/ur_sim_moveit.launch.py
[1.155s] -- Symlinking: /home/bejobarokah/thesis/install/ur_simulation_gz/share/ur_simulation_gz/urdf/ur_gz.ros2_control.xacro
[1.163s] -- Symlinking: /home/bejobarokah/thesis/install/ur_simulation_gz/share/ur_simulation_gz/urdf/ur_gz.urdf.xacro
[1.171s] -- Symlinking: /home/bejobarokah/thesis/install/ur_simulation_gz/share/ur_simulation_gz/urdf/ur_gz.urdf.xacro.urdf
[1.178s] -- Symlinking: /home/bejobarokah/thesis/install/ur_simulation_gz/share/ur_simulation_gz/urdf/ur_gz.urdf.xacro.urdf.sdf
[1.187s] -- Symlinking: /home/bejobarokah/thesis/install/ur_simulation_gz/share/ur_simulation_gz/resources/environment.sdf
[1.195s] -- Symlinking: /home/bejobarokah/thesis/install/ur_simulation_gz/share/ur_simulation_gz/ur_simulation_gz/__init__.py
[1.204s] -- Symlinking: /home/bejobarokah/thesis/install/ur_simulation_gz/share/ur_simulation_gz/ur_simulation_gz/ddpg.py
[1.213s] -- Symlinking: /home/bejobarokah/thesis/install/ur_simulation_gz/share/ur_simulation_gz/ur_simulation_gz/maddpg.py
[1.222s] -- Symlinking: /home/bejobarokah/thesis/install/ur_simulation_gz/share/ur_simulation_gz/ur_simulation_gz/reset_subporcess.py
[1.231s] -- Symlinking: /home/bejobarokah/thesis/install/ur_simulation_gz/share/ur_simulation_gz/environment/pythonpath.sh
[1.239s] -- Symlinking: /home/bejobarokah/thesis/install/ur_simulation_gz/share/ur_simulation_gz/environment/pythonpath.dsv
[1.247s] -- Symlinking: /home/bejobarokah/thesis/install/ur_simulation_gz/lib/python3.12/site-packages/ur_simulation_gz-2.2.0-py3.12.egg-info/PKG-INFO
[1.254s] -- Symlinking: /home/bejobarokah/thesis/install/ur_simulation_gz/lib/python3.12/site-packages/ur_simulation_gz-2.2.0-py3.12.egg-info/SOURCES.txt
[1.262s] -- Symlinking: /home/bejobarokah/thesis/install/ur_simulation_gz/lib/python3.12/site-packages/ur_simulation_gz-2.2.0-py3.12.egg-info/dependency_links.txt
[1.269s] -- Symlinking: /home/bejobarokah/thesis/install/ur_simulation_gz/lib/python3.12/site-packages/ur_simulation_gz-2.2.0-py3.12.egg-info/top_level.txt
[1.278s] -- Symlinking: /home/bejobarokah/thesis/install/ur_simulation_gz/lib/python3.12/site-packages/ur_simulation_gz/__init__.py
[1.286s] -- Symlinking: /home/bejobarokah/thesis/install/ur_simulation_gz/lib/python3.12/site-packages/ur_simulation_gz/ddpg.py
[1.294s] -- Symlinking: /home/bejobarokah/thesis/install/ur_simulation_gz/lib/python3.12/site-packages/ur_simulation_gz/maddpg.py
[1.302s] -- Symlinking: /home/bejobarokah/thesis/install/ur_simulation_gz/lib/python3.12/site-packages/ur_simulation_gz/reset_subporcess.py
[1.310s] -- Symlinking: /home/bejobarokah/thesis/install/ur_simulation_gz/lib/ur_simulation_gz/end_effector_pos.py
[1.318s] -- Symlinking: /home/bejobarokah/thesis/install/ur_simulation_gz/lib/ur_simulation_gz/maddpg_single_object.py
[1.326s] -- Symlinking: /home/bejobarokah/thesis/install/ur_simulation_gz/lib/ur_simulation_gz/simple_subscriber.py
[1.334s] -- Symlinking: /home/bejobarokah/thesis/install/ur_simulation_gz/lib/ur_simulation_gz/simple_action_client.py
[1.342s] -- Symlinking: /home/bejobarokah/thesis/install/ur_simulation_gz/share/ament_index/resource_index/package_run_dependencies/ur_simulation_gz
[1.350s] -- Symlinking: /home/bejobarokah/thesis/install/ur_simulation_gz/share/ament_index/resource_index/parent_prefix_path/ur_simulation_gz
[1.357s] -- Symlinking: /home/bejobarokah/thesis/install/ur_simulation_gz/share/ur_simulation_gz/environment/ament_prefix_path.sh
[1.365s] -- Symlinking: /home/bejobarokah/thesis/install/ur_simulation_gz/share/ur_simulation_gz/environment/ament_prefix_path.dsv
[1.373s] -- Symlinking: /home/bejobarokah/thesis/install/ur_simulation_gz/share/ur_simulation_gz/environment/path.sh
[1.381s] -- Symlinking: /home/bejobarokah/thesis/install/ur_simulation_gz/share/ur_simulation_gz/environment/path.dsv
[1.389s] -- Symlinking: /home/bejobarokah/thesis/install/ur_simulation_gz/share/ur_simulation_gz/local_setup.bash
[1.398s] -- Symlinking: /home/bejobarokah/thesis/install/ur_simulation_gz/share/ur_simulation_gz/local_setup.sh
[1.406s] -- Symlinking: /home/bejobarokah/thesis/install/ur_simulation_gz/share/ur_simulation_gz/local_setup.zsh
[1.414s] -- Symlinking: /home/bejobarokah/thesis/install/ur_simulation_gz/share/ur_simulation_gz/local_setup.dsv
[1.422s] -- Symlinking: /home/bejobarokah/thesis/install/ur_simulation_gz/share/ur_simulation_gz/package.dsv
[1.429s] -- Symlinking: /home/bejobarokah/thesis/install/ur_simulation_gz/share/ament_index/resource_index/packages/ur_simulation_gz
[1.437s] -- Symlinking: /home/bejobarokah/thesis/install/ur_simulation_gz/share/ur_simulation_gz/cmake/ur_simulation_gzConfig.cmake
[1.445s] -- Symlinking: /home/bejobarokah/thesis/install/ur_simulation_gz/share/ur_simulation_gz/cmake/ur_simulation_gzConfig-version.cmake
[1.453s] -- Symlinking: /home/bejobarokah/thesis/install/ur_simulation_gz/share/ur_simulation_gz/package.xml
[1.490s] Listing '/home/bejobarokah/thesis/install/ur_simulation_gz/lib/python3.12/site-packages/ur_simulation_gz'...
[1.490s] Compiling '/home/bejobarokah/thesis/install/ur_simulation_gz/lib/python3.12/site-packages/ur_simulation_gz/__init__.py'...
[1.490s] Compiling '/home/bejobarokah/thesis/install/ur_simulation_gz/lib/python3.12/site-packages/ur_simulation_gz/ddpg.py'...
[1.490s] Compiling '/home/bejobarokah/thesis/install/ur_simulation_gz/lib/python3.12/site-packages/ur_simulation_gz/maddpg.py'...
[1.490s] Compiling '/home/bejobarokah/thesis/install/ur_simulation_gz/lib/python3.12/site-packages/ur_simulation_gz/reset_subporcess.py'...
[1.495s] Invoked command in '/home/bejobarokah/thesis/build/ur_simulation_gz' returned '0': CMAKE_PREFIX_PATH=${CMAKE_PREFIX_PATH}:/opt/ros/jazzy DEBUGINFOD_URLS=https://debuginfod.ubuntu.com PS1=(.venv) \[\e]0;\u@\h: \w\a\]${debian_chroot:+($debian_chroot)}\[\033[01;32m\]\u@\h\[\033[00m\]:\[\033[01;34m\]\w\[\033[00m\]\$ VIRTUAL_ENV_PROMPT=(.venv) /usr/bin/cmake --install /home/bejobarokah/thesis/build/ur_simulation_gz
